{"/tmp/tmp5094td27/src/server.js": {"path":"/tmp/tmp5094td27/src/server.js","statementMap":{"0":{"start":{"line":1,"column":16},"end":{"line":1,"column":34}},"1":{"start":{"line":2,"column":15},"end":{"line":2,"column":32}},"2":{"start":{"line":3,"column":13},"end":{"line":3,"column":28}},"3":{"start":{"line":4,"column":18},"end":{"line":4,"column":47}},"4":{"start":{"line":5,"column":35},"end":{"line":5,"column":63}},"5":{"start":{"line":6,"column":0},"end":{"line":6,"column":27}},"6":{"start":{"line":8,"column":12},"end":{"line":8,"column":21}},"7":{"start":{"line":11,"column":0},"end":{"line":11,"column":18}},"8":{"start":{"line":12,"column":0},"end":{"line":15,"column":4}},"9":{"start":{"line":18,"column":16},"end":{"line":22,"column":2}},"10":{"start":{"line":23,"column":0},"end":{"line":23,"column":17}},"11":{"start":{"line":26,"column":0},"end":{"line":26,"column":24}},"12":{"start":{"line":27,"column":0},"end":{"line":27,"column":48}},"13":{"start":{"line":30,"column":0},"end":{"line":48,"column":2}},"14":{"start":{"line":37,"column":19},"end":{"line":37,"column":40}},"15":{"start":{"line":38,"column":4},"end":{"line":40,"column":5}},"16":{"start":{"line":39,"column":6},"end":{"line":39,"column":62}},"17":{"start":{"line":43,"column":4},"end":{"line":46,"column":8}},"18":{"start":{"line":51,"column":0},"end":{"line":53,"column":3}},"19":{"start":{"line":52,"column":2},"end":{"line":52,"column":78}},"20":{"start":{"line":56,"column":0},"end":{"line":58,"column":3}},"21":{"start":{"line":57,"column":2},"end":{"line":57,"column":47}},"22":{"start":{"line":61,"column":0},"end":{"line":64,"column":3}},"23":{"start":{"line":62,"column":2},"end":{"line":62,"column":27}},"24":{"start":{"line":63,"column":2},"end":{"line":63,"column":59}},"25":{"start":{"line":66,"column":13},"end":{"line":66,"column":37}},"26":{"start":{"line":67,"column":15},"end":{"line":69,"column":2}},"27":{"start":{"line":68,"column":2},"end":{"line":68,"column":51}},"28":{"start":{"line":71,"column":0},"end":{"line":71,"column":33}}},"fnMap":{"0":{"name":"(anonymous_0)","decl":{"start":{"line":36,"column":2},"end":{"line":36,"column":3}},"loc":{"start":{"line":36,"column":16},"end":{"line":47,"column":3}},"line":36},"1":{"name":"(anonymous_1)","decl":{"start":{"line":51,"column":19},"end":{"line":51,"column":20}},"loc":{"start":{"line":51,"column":33},"end":{"line":53,"column":1}},"line":51},"2":{"name":"(anonymous_2)","decl":{"start":{"line":56,"column":8},"end":{"line":56,"column":9}},"loc":{"start":{"line":56,"column":22},"end":{"line":58,"column":1}},"line":56},"3":{"name":"(anonymous_3)","decl":{"start":{"line":61,"column":8},"end":{"line":61,"column":9}},"loc":{"start":{"line":61,"column":33},"end":{"line":64,"column":1}},"line":61},"4":{"name":"(anonymous_4)","decl":{"start":{"line":67,"column":32},"end":{"line":67,"column":33}},"loc":{"start":{"line":67,"column":38},"end":{"line":69,"column":1}},"line":67}},"branchMap":{"0":{"loc":{"start":{"line":13,"column":10},"end":{"line":13,"column":63}},"type":"binary-expr","locations":[{"start":{"line":13,"column":10},"end":{"line":13,"column":36}},{"start":{"line":13,"column":40},"end":{"line":13,"column":63}}],"line":13},"1":{"loc":{"start":{"line":38,"column":4},"end":{"line":40,"column":5}},"type":"if","locations":[{"start":{"line":38,"column":4},"end":{"line":40,"column":5}},{"start":{},"end":{}}],"line":38},"2":{"loc":{"start":{"line":66,"column":13},"end":{"line":66,"column":37}},"type":"binary-expr","locations":[{"start":{"line":66,"column":13},"end":{"line":66,"column":29}},{"start":{"line":66,"column":33},"end":{"line":66,"column":37}}],"line":66}},"s":{"0":1,"1":1,"2":1,"3":1,"4":1,"5":1,"6":1,"7":1,"8":1,"9":1,"10":1,"11":1,"12":1,"13":1,"14":5,"15":5,"16":3,"17":2,"18":1,"19":3,"20":1,"21":0,"22":1,"23":0,"24":0,"25":1,"26":1,"27":1,"28":1},"f":{"0":5,"1":3,"2":0,"3":0,"4":1},"b":{"0":[1,0],"1":[3,2],"2":[1,0]},"_coverageSchema":"1a1c01bbd47fc00a2c39e90264f33305004495a9","hash":"ef3e91ac8d7c005148c5e2e5ee8c3f0674f97616"}
}
