TN:
SF:src/server.js
FN:36,(anonymous_0)
FN:51,(anonymous_1)
FN:56,(anonymous_2)
FN:61,(anonymous_3)
FN:67,(anonymous_4)
FNF:5
FNH:3
FNDA:5,(anonymous_0)
FNDA:3,(anonymous_1)
FNDA:0,(anonymous_2)
FNDA:0,(anonymous_3)
FNDA:1,(anonymous_4)
DA:1,1
DA:2,1
DA:3,1
DA:4,1
DA:5,1
DA:6,1
DA:8,1
DA:11,1
DA:12,1
DA:18,1
DA:23,1
DA:26,1
DA:27,1
DA:30,1
DA:37,5
DA:38,5
DA:39,3
DA:43,2
DA:51,1
DA:52,3
DA:56,1
DA:57,0
DA:61,1
DA:62,0
DA:63,0
DA:66,1
DA:67,1
DA:68,1
DA:71,1
LF:29
LH:26
BRDA:13,0,0,1
BRDA:13,0,1,0
BRDA:38,1,0,3
BRDA:38,1,1,2
BRDA:66,2,0,1
BRDA:66,2,1,0
BRF:6
BRH:4
end_of_record
